<?xml version="1.0" encoding="UTF-8" ?>
<testsuite tests="75" failures="0" name="stepDefinition.TestRunner" time="0.01" errors="0" skipped="0">
  <properties>
    <property name="java.runtime.name" value="Java(TM) SE Runtime Environment"/>
    <property name="sun.boot.library.path" value="C:\Program Files\Java\jdk1.8.0_162\jre\bin"/>
    <property name="java.vm.version" value="25.162-b12"/>
    <property name="java.vm.vendor" value="Oracle Corporation"/>
    <property name="maven.multiModuleProjectDirectory" value="C:\Users\DELL 3\eclipse-workspace\Cucumber"/>
    <property name="java.vendor.url" value="http://java.oracle.com/"/>
    <property name="path.separator" value=";"/>
    <property name="guice.disable.misplaced.annotation.check" value="true"/>
    <property name="java.vm.name" value="Java HotSpot(TM) 64-Bit Server VM"/>
    <property name="file.encoding.pkg" value="sun.io"/>
    <property name="user.script" value=""/>
    <property name="user.country" value="US"/>
    <property name="sun.java.launcher" value="SUN_STANDARD"/>
    <property name="sun.os.patch.level" value=""/>
    <property name="java.vm.specification.name" value="Java Virtual Machine Specification"/>
    <property name="user.dir" value="C:\Users\DELL 3\eclipse-workspace\Cucumber"/>
    <property name="java.runtime.version" value="1.8.0_162-b12"/>
    <property name="java.awt.graphicsenv" value="sun.awt.Win32GraphicsEnvironment"/>
    <property name="java.endorsed.dirs" value="C:\Program Files\Java\jdk1.8.0_162\jre\lib\endorsed"/>
    <property name="os.arch" value="amd64"/>
    <property name="java.io.tmpdir" value="C:\Users\DELL3~1\AppData\Local\Temp\"/>
    <property name="line.separator" value="
"/>
    <property name="java.vm.specification.vendor" value="Oracle Corporation"/>
    <property name="user.variant" value=""/>
    <property name="os.name" value="Windows 10"/>
    <property name="classworlds.conf" value="C:\Users\DELL 3\eclipse-workspace\apache-maven-3.5.3-bin\apache-maven-3.5.3\bin\..\bin\m2.conf"/>
    <property name="sun.jnu.encoding" value="Cp1252"/>
    <property name="java.library.path" value="C:\Program Files\Java\jdk1.8.0_162\bin;C:\Windows\Sun\Java\bin;C:\Windows\system32;C:\Windows;C:\ProgramData\Oracle\Java\javapath;C:\Windows\system32;C:\Windows;C:\Windows\System32\Wbem;C:\Windows\System32\WindowsPowerShell\v1.0\;C:\Program Files\Java\jdk1.8.0_162\bin;C:\Program Files\TortoiseSVN\bin;C:\Users\DELL 3\eclipse-workspace\apache-maven-3.5.3-bin\apache-maven-3.5.3\bin;C:\Users\DELL 3\AppData\Local\Microsoft\WindowsApps;;."/>
    <property name="maven.conf" value="C:\Users\DELL 3\eclipse-workspace\apache-maven-3.5.3-bin\apache-maven-3.5.3\bin\../conf"/>
    <property name="java.specification.name" value="Java Platform API Specification"/>
    <property name="java.class.version" value="52.0"/>
    <property name="sun.management.compiler" value="HotSpot 64-Bit Tiered Compilers"/>
    <property name="os.version" value="10.0"/>
    <property name="library.jansi.path" value="C:\Users\DELL 3\eclipse-workspace\apache-maven-3.5.3-bin\apache-maven-3.5.3\bin\..\lib\jansi-native"/>
    <property name="user.home" value="C:\Users\DELL 3"/>
    <property name="user.timezone" value="Europe/Helsinki"/>
    <property name="java.awt.printerjob" value="sun.awt.windows.WPrinterJob"/>
    <property name="java.specification.version" value="1.8"/>
    <property name="file.encoding" value="Cp1252"/>
    <property name="user.name" value="DELL 3"/>
    <property name="java.class.path" value="C:\Users\DELL 3\eclipse-workspace\apache-maven-3.5.3-bin\apache-maven-3.5.3\bin\..\boot\plexus-classworlds-2.5.2.jar"/>
    <property name="java.vm.specification.version" value="1.8"/>
    <property name="sun.arch.data.model" value="64"/>
    <property name="java.home" value="C:\Program Files\Java\jdk1.8.0_162\jre"/>
    <property name="sun.java.command" value="org.codehaus.plexus.classworlds.launcher.Launcher test"/>
    <property name="java.specification.vendor" value="Oracle Corporation"/>
    <property name="user.language" value="en"/>
    <property name="awt.toolkit" value="sun.awt.windows.WToolkit"/>
    <property name="java.vm.info" value="mixed mode"/>
    <property name="java.version" value="1.8.0_162"/>
    <property name="java.ext.dirs" value="C:\Program Files\Java\jdk1.8.0_162\jre\lib\ext;C:\Windows\Sun\Java\lib\ext"/>
    <property name="sun.boot.class.path" value="C:\Program Files\Java\jdk1.8.0_162\jre\lib\resources.jar;C:\Program Files\Java\jdk1.8.0_162\jre\lib\rt.jar;C:\Program Files\Java\jdk1.8.0_162\jre\lib\sunrsasign.jar;C:\Program Files\Java\jdk1.8.0_162\jre\lib\jsse.jar;C:\Program Files\Java\jdk1.8.0_162\jre\lib\jce.jar;C:\Program Files\Java\jdk1.8.0_162\jre\lib\charsets.jar;C:\Program Files\Java\jdk1.8.0_162\jre\lib\jfr.jar;C:\Program Files\Java\jdk1.8.0_162\jre\classes"/>
    <property name="sun.stderr.encoding" value="cp437"/>
    <property name="java.vendor" value="Oracle Corporation"/>
    <property name="maven.home" value="C:\Users\DELL 3\eclipse-workspace\apache-maven-3.5.3-bin\apache-maven-3.5.3\bin\.."/>
    <property name="file.separator" value="\"/>
    <property name="java.vendor.url.bug" value="http://bugreport.sun.com/bugreport/"/>
    <property name="sun.cpu.endian" value="little"/>
    <property name="sun.io.unicode.encoding" value="UnicodeLittle"/>
    <property name="sun.stdout.encoding" value="cp437"/>
    <property name="sun.desktop" value="windows"/>
    <property name="sun.cpu.isalist" value="amd64"/>
  </properties>
  <testcase classname="| banana | 2 | 1 | 2 |" name="Given the price of a banana is 2lv" time="0.002"/>
  <testcase classname="| banana | 2 | 1 | 2 |" name="When I checkout 1 banana" time="0.003"/>
  <testcase classname="| banana | 2 | 1 | 2 |" name="Then the total price should be 2" time="0"/>
  <testcase classname="| banana | 2 | 1 | 2 |" name="| banana | 2 | 1 | 2 |" time="0"/>
  <testcase classname="| orange | 2.5 | 2 | 5 |" name="Given the price of a orange is 2.5lv" time="0"/>
  <testcase classname="| orange | 2.5 | 2 | 5 |" name="When I checkout 2 orange" time="0"/>
  <testcase classname="| orange | 2.5 | 2 | 5 |" name="Then the total price should be 5" time="0"/>
  <testcase classname="| orange | 2.5 | 2 | 5 |" name="| orange | 2.5 | 2 | 5 |" time="0"/>
  <testcase classname="| apple | 0.70 | 3 | 2.1 |" name="Given the price of a apple is 0.70lv" time="0"/>
  <testcase classname="| apple | 0.70 | 3 | 2.1 |" name="When I checkout 3 apple" time="0"/>
  <testcase classname="| apple | 0.70 | 3 | 2.1 |" name="Then the total price should be 2.1" time="0"/>
  <testcase classname="| apple | 0.70 | 3 | 2.1 |" name="| apple | 0.70 | 3 | 2.1 |" time="0"/>
  <testcase classname="| banana | apple | 2 | 1 | 2 | 6 |" name="Given the price of a banana is 2lv" time="0"/>
  <testcase classname="| banana | apple | 2 | 1 | 2 | 6 |" name="And the price of a apple is 1lv" time="0"/>
  <testcase classname="| banana | apple | 2 | 1 | 2 | 6 |" name="And I checkout 2 banana" time="0"/>
  <testcase classname="| banana | apple | 2 | 1 | 2 | 6 |" name="And I checkout 2 apple" time="0"/>
  <testcase classname="| banana | apple | 2 | 1 | 2 | 6 |" name="Then the total price should be 6" time="0"/>
  <testcase classname="| banana | apple | 2 | 1 | 2 | 6 |" name="| banana | apple | 2 | 1 | 2 | 6 |" time="0"/>
  <testcase classname="| orange | banana | 2.5 | 2 | 5 | 22.5 |" name="Given the price of a orange is 2.5lv" time="0"/>
  <testcase classname="| orange | banana | 2.5 | 2 | 5 | 22.5 |" name="And the price of a banana is 2lv" time="0"/>
  <testcase classname="| orange | banana | 2.5 | 2 | 5 | 22.5 |" name="And I checkout 5 orange" time="0"/>
  <testcase classname="| orange | banana | 2.5 | 2 | 5 | 22.5 |" name="And I checkout 5 banana" time="0"/>
  <testcase classname="| orange | banana | 2.5 | 2 | 5 | 22.5 |" name="Then the total price should be 22.5" time="0"/>
  <testcase classname="| orange | banana | 2.5 | 2 | 5 | 22.5 |" name="| orange | banana | 2.5 | 2 | 5 | 22.5 |" time="0"/>
  <testcase classname="| apple | orange | 0.70 | 3 | 3 | 11.1 |" name="Given the price of a apple is 0.70lv" time="0.001"/>
  <testcase classname="| apple | orange | 0.70 | 3 | 3 | 11.1 |" name="And the price of a orange is 3lv" time="0"/>
  <testcase classname="| apple | orange | 0.70 | 3 | 3 | 11.1 |" name="And I checkout 3 apple" time="0"/>
  <testcase classname="| apple | orange | 0.70 | 3 | 3 | 11.1 |" name="And I checkout 3 orange" time="0"/>
  <testcase classname="| apple | orange | 0.70 | 3 | 3 | 11.1 |" name="Then the total price should be 11.1" time="0"/>
  <testcase classname="| apple | orange | 0.70 | 3 | 3 | 11.1 |" name="| apple | orange | 0.70 | 3 | 3 | 11.1 |" time="0"/>
  <testcase classname="Scenario: Search for employee by name" name="Given user open the browser" time="0.001"/>
  <testcase classname="Scenario: Search for employee by name" name="And user go to Current employees page" time="0"/>
  <testcase classname="Scenario: Search for employee by name" name="And type &quot;Anton Rusanov&quot; in the Full name search field" time="0"/>
  <testcase classname="Scenario: Search for employee by name" name="And result in the Employees table should be &quot;Anton Rusanov&quot;" time="0"/>
  <testcase classname="Scenario: Search for employee by name" name="Then close the browser" time="0"/>
  <testcase classname="Scenario: Search for employee by name" name="Scenario: Search for employee by name" time="0"/>
  <testcase classname="Scenario: Search for employee by position" name="Given user open the browser" time="0"/>
  <testcase classname="Scenario: Search for employee by position" name="And user go to Current employees page" time="0"/>
  <testcase classname="Scenario: Search for employee by position" name="And type &quot;Developer&quot; in the Position search field" time="0.001"/>
  <testcase classname="Scenario: Search for employee by position" name="And result in the Employys table should be &quot;Developer&quot;" time="0"/>
  <testcase classname="Scenario: Search for employee by position" name="Then close the browser" time="0"/>
  <testcase classname="Scenario: Search for employee by position" name="Scenario: Search for employee by position" time="0.001"/>
  <testcase classname="Scenario: add a Company" name="Given user open the browser" time="0"/>
  <testcase classname="Scenario: add a Company" name="Given user is on the Company page" time="0"/>
  <testcase classname="Scenario: add a Company" name="And click on create button" time="0"/>
  <testcase classname="Scenario: add a Company" name="When user enter a valid data" time="0"/>
  <testcase classname="Scenario: add a Company" name="And click on save button" time="0"/>
  <testcase classname="Scenario: add a Company" name="Then new company &quot;Ozone&quot; should be saved and listed" time="0"/>
  <testcase classname="Scenario: add a Company" name="And close the browser" time="0"/>
  <testcase classname="Scenario: add a Company" name="Scenario: add a Company" time="0"/>
  <testcase classname="| 500 | 50 | 450 | receive 50 |" name="Given my bank account balance is 500" time="0"/>
  <testcase classname="| 500 | 50 | 450 | receive 50 |" name="When I want to withdraw 50" time="0"/>
  <testcase classname="| 500 | 50 | 450 | receive 50 |" name="Then I should receive receive 50" time="0"/>
  <testcase classname="| 500 | 50 | 450 | receive 50 |" name="And my balance should be 450" time="0"/>
  <testcase classname="| 500 | 50 | 450 | receive 50 |" name="| 500 | 50 | 450 | receive 50 |" time="0"/>
  <testcase classname="| 500 | 100 | 400 | receive 100 |" name="Given my bank account balance is 500" time="0"/>
  <testcase classname="| 500 | 100 | 400 | receive 100 |" name="When I want to withdraw 100" time="0"/>
  <testcase classname="| 500 | 100 | 400 | receive 100 |" name="Then I should receive receive 100" time="0"/>
  <testcase classname="| 500 | 100 | 400 | receive 100 |" name="And my balance should be 400" time="0"/>
  <testcase classname="| 500 | 100 | 400 | receive 100 |" name="| 500 | 100 | 400 | receive 100 |" time="0"/>
  <testcase classname="| 500 | 200 | 300 | receive 200 |" name="Given my bank account balance is 500" time="0.001"/>
  <testcase classname="| 500 | 200 | 300 | receive 200 |" name="When I want to withdraw 200" time="0"/>
  <testcase classname="| 500 | 200 | 300 | receive 200 |" name="Then I should receive receive 200" time="0"/>
  <testcase classname="| 500 | 200 | 300 | receive 200 |" name="And my balance should be 300" time="0"/>
  <testcase classname="| 500 | 200 | 300 | receive 200 |" name="| 500 | 200 | 300 | receive 200 |" time="0"/>
  <testcase classname="| 100 | 500 | 100 | an error message |" name="Given my bank account balance is 100" time="0"/>
  <testcase classname="| 100 | 500 | 100 | an error message |" name="When I want to withdraw 500" time="0"/>
  <testcase classname="| 100 | 500 | 100 | an error message |" name="Then I should receive an error message" time="0"/>
  <testcase classname="| 100 | 500 | 100 | an error message |" name="And my balance should be 100" time="0"/>
  <testcase classname="| 100 | 500 | 100 | an error message |" name="| 100 | 500 | 100 | an error message |" time="0"/>
  <testcase classname="| 50 | 100 | 50 | an error message |" name="Given my bank account balance is 50" time="0"/>
  <testcase classname="| 50 | 100 | 50 | an error message |" name="When I want to withdraw 100" time="0"/>
  <testcase classname="| 50 | 100 | 50 | an error message |" name="Then I should receive an error message" time="0"/>
  <testcase classname="| 50 | 100 | 50 | an error message |" name="And my balance should be 50" time="0"/>
  <testcase classname="| 50 | 100 | 50 | an error message |" name="| 50 | 100 | 50 | an error message |" time="0"/>
</testsuite>